"../../../Engine/Content/Functions/Engine_MaterialFunctions01/Opacity/CameraDepthFade.uasset" 0
"../../../Engine/Content/EngineMaterials/T_Default_Material_Grid_M.uasset" 1
"../../../Engine/Content/EngineMaterials/T_Default_Material_Grid_N.uasset" 2
"../../../Engine/Content/EngineMaterials/WorldGridMaterial.uasset" 3
"../../../Engine/Content/ArtTools/RenderToTexture/Meshes/S_1_Unit_Plane.uasset" 4
"../../../Engine/Content/EngineMaterials/DefaultMaterial.uasset" 5
"../../../Engine/Content/BasicShapes/Cone.uasset" 6
"../../../Engine/Content/BasicShapes/Cube.uasset" 7
"../../../Engine/Content/BasicShapes/Cylinder.uasset" 8
"../../../Engine/Content/BasicShapes/Plane.uasset" 9
"../../../Engine/Content/BasicShapes/Sphere.uasset" 10
"../../../Engine/Content/EngineMaterials/DefaultPhysicalMaterial.uasset" 11
"../../../Engine/Content/BufferVisualization/AmbientOcclusion.uasset" 12
"../../../Engine/Content/BufferVisualization/BaseColor.uasset" 13
"../../../Engine/Content/BufferVisualization/CustomDepth.uasset" 14
"../../../Engine/Content/Functions/Engine_MaterialFunctions02/Utility/VectorLength.uasset" 15
"../../../Engine/Content/BufferVisualization/CustomDepthWorldUnits.uasset" 16
"../../../Engine/Content/Functions/Engine_MaterialFunctions02/Utility/BreakOutFloat2Components.uasset" 17
"../../../Engine/Content/Functions/Engine_MaterialFunctions01/Texturing/ScaleUVsByCenter.uasset" 18
"../../../Engine/Content/Functions/Engine_MaterialFunctions02/ScreenResolution.uasset" 19
"../../../Engine/Content/Functions/Engine_MaterialFunctions02/Texturing/ScreenAlignedUVs.uasset" 20
"../../../Engine/Content/Functions/Engine_MaterialFunctions02/Utility/MakeFloat2.uasset" 21
"../../../Engine/Content/Functions/Engine_MaterialFunctions02/Utility/MakeFloat3.uasset" 22
"../../../Engine/Content/EngineMaterials/MiniFont.uasset" 23
"../../../Engine/Content/BufferVisualization/CustomStencil.uasset" 24
"../../../Engine/Content/BufferVisualization/FinalImage.uasset" 25
"../../../Engine/Content/BufferVisualization/LightingModel.uasset" 26
"../../../Engine/Content/BufferVisualization/MaterialAO.uasset" 27
"../../../Engine/Content/BufferVisualization/Metallic.uasset" 28
"../../../Engine/Content/BufferVisualization/Opacity.uasset" 29
"../../../Engine/Content/BufferVisualization/PostTonemapHDRColor.uasset" 30
"../../../Engine/Content/BufferVisualization/PreTonemapHDRColor.uasset" 31
"../../../Engine/Content/BufferVisualization/Roughness.uasset" 32
"../../../Engine/Content/BufferVisualization/SceneColor.uasset" 33
"../../../Engine/Content/BufferVisualization/SceneDepth.uasset" 34
"../../../Engine/Content/BufferVisualization/SceneDepthWorldUnits.uasset" 35
"../../../Engine/Content/BufferVisualization/SeparateTranslucencyA.uasset" 36
"../../../Engine/Content/BufferVisualization/SeparateTranslucencyRGB.uasset" 37
"../../../Engine/Content/BufferVisualization/Specular.uasset" 38
"../../../Engine/Content/BufferVisualization/SubsurfaceColor.uasset" 39
"../../../Engine/Content/BufferVisualization/WorldNormal.uasset" 40
"../../../Engine/Content/EditorMaterials/MatineeGroups/MAT_Groups_Float.uasset" 41
"../../../Engine/Content/EditorMaterials/MatineeGroups/MAT_Groups_Move.uasset" 42
"../../../Engine/Content/EditorMaterials/MatineeGroups/MAT_Groups_Slomo.uasset" 43
"../../../Engine/Content/EditorMaterials/MatineeGroups/MAT_Groups_Sound.uasset" 44
"../../../Engine/Content/EditorMaterials/MatineeGroups/MAT_Groups_Vector.uasset" 45
"../../../Engine/Content/EditorMaterials/ParticleSystems/PSysThumbnail_NoImage.uasset" 46
"../../../Engine/Content/EditorMaterials/ParticleSystems/PSysThumbnail_OOD.uasset" 47
"../../../Engine/Content/EngineMaterials/Grid.uasset" 48
"../../../Engine/Content/EditorMaterials/Thumbnails/FloorPlaneMaterial.uasset" 49
"../../../Engine/Content/EditorMeshes/EditorCube.uasset" 50
"../../../Engine/Content/EditorMeshes/EditorCylinder.uasset" 51
"../../../Engine/Content/EditorMeshes/EditorPlane.uasset" 52
"../../../Engine/Content/EditorMaterials/Thumbnails/SkySphereMaterial.uasset" 53
"../../../Engine/Content/EditorMeshes/EditorSkySphere.uasset" 54
"../../../Engine/Content/EditorMeshes/EditorSphere.uasset" 55
"../../../Engine/Content/EditorResources/MatineeCam_D.uasset" 56
"../../../Engine/Content/EditorMaterials/MatineeCam_mat.uasset" 57
"../../../Engine/Content/EditorMeshes/MatineeCam_SM.uasset" 58
"../../../Engine/Content/EditorMaterials/Camera/CineMat.uasset" 59
"../../../Engine/Content/EditorMaterials/Camera/MI_CineMat_CameraBody.uasset" 60
"../../../Engine/Content/EngineDebugMaterials/M_SimpleOpaque.uasset" 61
"../../../Engine/Content/EditorMaterials/Camera/MI_CineMat_CamViewFinder.uasset" 62
"../../../Engine/Content/EditorMeshes/Camera/SM_CineCam.uasset" 63
"../../../Engine/Content/EditorMaterials/Camera/MI_CineMat_Rig.uasset" 64
"../../../Engine/Content/EditorMeshes/Camera/SM_CraneRig_Arm.uasset" 65
"../../../Engine/Content/EditorMeshes/Camera/SM_CraneRig_Base.uasset" 66
"../../../Engine/Content/EditorMeshes/Camera/SM_CraneRig_Body.uasset" 67
"../../../Engine/Content/EditorMeshes/Camera/SM_CraneRig_Mount.uasset" 68
"../../../Engine/Content/EditorMeshes/Camera/SM_RailRig_Mount.uasset" 69
"../../../Engine/Content/EditorMeshes/Camera/SM_RailRig_Track.uasset" 70
"../../../Engine/Content/EditorResources/Bad.uasset" 71
"../../../Engine/Content/EditorResources/BSPVertex.uasset" 72
"../../../Engine/Content/EditorResources/EmptyActor.uasset" 73
"../../../Engine/Content/EditorResources/MatInstActSprite.uasset" 74
"../../../Engine/Content/EditorResources/SceneManager.uasset" 75
"../../../Engine/Content/EditorResources/SmallFont.uasset" 76
"../../../Engine/Content/EditorResources/S_Actor.uasset" 77
"../../../Engine/Content/EditorResources/S_DecalActorIcon.uasset" 78
"../../../Engine/Content/EditorResources/S_Emitter.uasset" 79
"../../../Engine/Content/EditorResources/S_ExpoHeightFog.uasset" 80
"../../../Engine/Content/EditorResources/S_FTest.uasset" 81
"../../../Engine/Content/EditorResources/S_KBSJoint.uasset" 82
"../../../Engine/Content/EditorResources/S_KHinge.uasset" 83
"../../../Engine/Content/EditorResources/S_KPrismatic.uasset" 84
"../../../Engine/Content/EditorResources/S_LevelSequence.uasset" 85
"../../../Engine/Content/EditorResources/S_NavP.uasset" 86
"../../../Engine/Content/EditorResources/S_Note.uasset" 87
"../../../Engine/Content/EditorResources/S_Player.uasset" 88
"../../../Engine/Content/EditorResources/S_PortalActorIcon2.uasset" 89
"../../../Engine/Content/EditorResources/S_RadForce.uasset" 90
"../../../Engine/Content/EditorResources/S_ReflActorIcon.uasset" 91
"../../../Engine/Content/EditorResources/S_Terrain.uasset" 92
"../../../Engine/Content/EditorResources/S_TextRenderActorIcon.uasset" 93
"../../../Engine/Content/EditorResources/S_Thruster.uasset" 94
"../../../Engine/Content/EditorResources/S_Trigger.uasset" 95
"../../../Engine/Content/EditorResources/S_VectorFieldVol.uasset" 96
"../../../Engine/Content/EditorResources/S_WindDirectional.uasset" 97
"../../../Engine/Content/EditorResources/AI/S_NavLink.uasset" 98
"../../../Engine/Content/EditorResources/LightIcons/SkyLight.uasset" 99
"../../../Engine/Content/EditorResources/LightIcons/S_LightDirectional.uasset" 100
"../../../Engine/Content/EditorResources/LightIcons/S_LightDirectionalMove.uasset" 101
"../../../Engine/Content/EditorResources/LightIcons/S_LightError.uasset" 102
"../../../Engine/Content/EditorResources/LightIcons/S_LightPoint.uasset" 103
"../../../Engine/Content/EditorResources/LightIcons/S_LightPointMove.uasset" 104
"../../../Engine/Content/EditorResources/LightIcons/S_LightSpot.uasset" 105
"../../../Engine/Content/EditorResources/LightIcons/S_LightSpotMove.uasset" 106
"../../../Engine/Content/EditorResources/SequenceRecorder/Countdown.uasset" 107
"../../../Engine/Content/EditorResources/SequenceRecorder/RecordingIndicator.uasset" 108
"../../../Engine/Content/EditorResources/Spline/T_Loft_Spline.uasset" 109
"../../../Engine/Content/EditorSounds/Notifications/CompileFailed.uasset" 110
"../../../Engine/Content/EditorSounds/Notifications/CompileFailed_Cue.uasset" 111
"../../../Engine/Content/EditorSounds/Notifications/CompileSuccess.uasset" 112
"../../../Engine/Content/EditorSounds/Notifications/CompileStart_Cue.uasset" 113
"../../../Engine/Content/EditorSounds/Notifications/CompileSuccess_Cue.uasset" 114
"../../../Engine/Content/EngineDamageTypes/DmgTypeBP_Environmental.uasset" 115
"../../../Engine/Content/EngineDebugMaterials/HeatmapGradient.uasset" 116
"../../../Engine/Content/EngineDebugMaterials/BoneWeightMaterial.uasset" 117
"../../../Engine/Content/EngineDebugMaterials/ClothMaterial.uasset" 118
"../../../Engine/Content/EngineDebugMaterials/ClothMaterial_WF.uasset" 119
"../../../Engine/Content/EngineDebugMaterials/DebugEditorMaterial.uasset" 120
"../../../Engine/Content/EngineDebugMaterials/DebugMeshMaterial.uasset" 121
"../../../Engine/Content/EngineDebugMaterials/GeomMaterial.uasset" 122
"../../../Engine/Content/Functions/Engine_MaterialFunctions01/Shading/ConvertFromDiffSpec.uasset" 123
"../../../Engine/Content/EngineDebugMaterials/LevelColorationLitMaterial.uasset" 124
"../../../Engine/Content/EngineDebugMaterials/LevelColorationUnlitMaterial.uasset" 125
"../../../Engine/Content/EngineMaterials/DefaultWhiteGrid.uasset" 126
"../../../Engine/Content/EngineDebugMaterials/MAT_LevelColorationLitLightmapUV.uasset" 127
"../../../Engine/Content/EngineDebugMaterials/M_SimpleTranslucent.uasset" 128
"../../../Engine/Content/EngineDebugMaterials/ShadedLevelColorationLitMaterial.uasset" 129
"../../../Engine/Content/EngineDebugMaterials/ShadedLevelColorationUnlitMateri.uasset" 130
"../../../Engine/Content/EngineDebugMaterials/VertexColorMaterial.uasset" 131
"../../../Engine/Content/EngineDebugMaterials/VertexColorViewMode_AlphaAsColor.uasset" 132
"../../../Engine/Content/EngineDebugMaterials/VertexColorViewMode_BlueOnly.uasset" 133
"../../../Engine/Content/EngineDebugMaterials/VertexColorViewMode_ColorOnly.uasset" 134
"../../../Engine/Content/EngineDebugMaterials/VertexColorViewMode_GreenOnly.uasset" 135
"../../../Engine/Content/EngineDebugMaterials/VertexColorViewMode_RedOnly.uasset" 136
"../../../Engine/Content/EngineDebugMaterials/WireframeMaterial.uasset" 137
"../../../Engine/Content/EngineFonts/Faces/RobotoBold.uasset" 138
"../../../Engine/Content/EngineFonts/Faces/RobotoBoldItalic.uasset" 139
"../../../Engine/Content/EngineFonts/Faces/RobotoItalic.uasset" 140
"../../../Engine/Content/EngineFonts/Faces/RobotoLight.uasset" 141
"../../../Engine/Content/EngineFonts/Faces/RobotoRegular.uasset" 142
"../../../Engine/Content/EngineFonts/Roboto.uasset" 143
"../../../Engine/Content/EngineFonts/Faces/RobotoTiny.uasset" 144
"../../../Engine/Content/EngineFonts/RobotoTiny.uasset" 145
"../../../Engine/Content/EngineFonts/SmallFont.uasset" 146
"../../../Engine/Content/EngineFonts/TinyFont.uasset" 147
"../../../Engine/Content/EngineMaterials/BaseFlattenDiffuseMap.uasset" 148
"../../../Engine/Content/EngineMaterials/BaseFlattenEmissiveMap.uasset" 149
"../../../Engine/Content/EngineMaterials/BaseFlattenGrayscaleMap.uasset" 150
"../../../Engine/Content/EngineMaterials/BaseFlattenNormalMap.uasset" 151
"../../../Engine/Content/EngineMaterials/BaseFlattenMaterial.uasset" 152
"../../../Engine/Content/EngineResources/WhiteSquareTexture.uasset" 153
"../../../Engine/Content/EngineMaterials/BlinkingCaret.uasset" 154
"../../../Engine/Content/EngineMaterials/DefaultBloomKernel.uasset" 155
"../../../Engine/Content/EngineMaterials/DefaultBokeh.uasset" 156
"../../../Engine/Content/EngineMaterials/DefaultDiffuse.uasset" 157
"../../../Engine/Content/EngineMaterials/DefaultDeferredDecalMaterial.uasset" 158
"../../../Engine/Content/EngineMaterials/DefaultLightFunctionMaterial.uasset" 159
"../../../Engine/Content/EngineMaterials/DefaultNormal.uasset" 160
"../../../Engine/Content/EngineMaterials/DefaultPostProcessMaterial.uasset" 161
"../../../Engine/Content/EngineFonts/RobotoDistanceField.uasset" 162
"../../../Engine/Content/EngineMaterials/DefaultTextMaterialOpaque.uasset" 163
"../../../Engine/Content/EngineMaterials/EditorBrushMaterial.uasset" 164
"../../../Engine/Content/EngineMaterials/Good64x64TilingNoiseHighFreq.uasset" 165
"../../../Engine/Content/EngineMaterials/Grid_N.uasset" 166
"../../../Engine/Content/EngineMaterials/HighResolutionScreenshotMaskFunction.uasset" 167
"../../../Engine/Content/EngineMaterials/HighResScreenshot.uasset" 168
"../../../Engine/Content/EngineMaterials/HighResScreenshotCaptureRegion.uasset" 169
"../../../Engine/Content/EngineMaterials/HighResScreenshotMask.uasset" 170
"../../../Engine/Content/EngineMaterials/LandscapeHolePhysicalMaterial.uasset" 171
"../../../Engine/Content/EngineMaterials/InvalidLightmapSettings.uasset" 172
"../../../Engine/Content/EngineMaterials/M_InvalidLightmapSettings.uasset" 173
"../../../Engine/Content/EngineMaterials/PaperDiffuse.uasset" 174
"../../../Engine/Content/EngineMaterials/PaperNormal.uasset" 175
"../../../Engine/Content/Functions/Engine_MaterialFunctions02/WorldPositionOffset/CameraOffset.uasset" 176
"../../../Engine/Content/EngineMaterials/PhAT_JointLimitMaterial.uasset" 177
"../../../Engine/Content/EngineMaterials/PhysMat_Rubber.uasset" 178
"../../../Engine/Content/EngineMaterials/PreintegratedSkinBRDF.uasset" 179
"../../../Engine/Content/EngineMaterials/RemoveSurfaceMaterial.uasset" 180
"../../../Engine/Content/EngineMaterials/WeightMapPlaceholderTexture.uasset" 181
"../../../Engine/Content/EngineMaterials/Widget3DPassThrough.uasset" 182
"../../../Engine/Content/EngineMaterials/Widget3DPassThrough_Masked.uasset" 183
"../../../Engine/Content/EngineMaterials/Widget3DPassThrough_Opaque.uasset" 184
"../../../Engine/Content/EngineMaterials/Widget3DPassThrough_Masked_OneSided.uasset" 185
"../../../Engine/Content/EngineMaterials/Widget3DPassThrough_Opaque_OneSided.uasset" 186
"../../../Engine/Content/EngineMaterials/Widget3DPassThrough_Translucent.uasset" 187
"../../../Engine/Content/EngineMaterials/Widget3DPassThrough_Translucent_OneSided.uasset" 188
"../../../Engine/Content/EngineMeshes/Cylinder.uasset" 189
"../../../Engine/Content/EngineMeshes/Sphere.uasset" 190
"../../../Engine/Content/EngineResources/Black.uasset" 191
"../../../Engine/Content/EngineResources/DefaultTexture.uasset" 192
"../../../Engine/Content/EngineResources/DefaultTextureCube.uasset" 193
"../../../Engine/Content/EngineResources/DefaultVolumeTexture2D.uasset" 194
"../../../Engine/Content/EngineResources/DefaultVolumeTexture.uasset" 195
"../../../Engine/Content/EngineResources/GradientTexture0.uasset" 196
"../../../Engine/Content/EngineResources/StreamingPauseIcon.uasset" 197
"../../../Engine/Content/EngineResources/M_StreamingPause.uasset" 198
"../../../Engine/Content/EngineSounds/Master.uasset" 199
"../../../Engine/Content/Functions/Engine_MaterialFunctions01/Shading/PowerToRoughness.uasset" 200
"../../../Engine/Content/Maps/Templates/Thumbnails/Default.uasset" 201
"../../../Engine/Content/Maps/Templates/Thumbnails/VR-Basic.uasset" 202
"../../../Engine/Content/MapTemplates/Sky/DaylightAmbientCubemap.uasset" 203
"../../../Engine/Content/MobileResources/T_MobileControls_texture.uasset" 204
"../../../Engine/Content/MobileResources/T_MobileMenu2.uasset" 205
"../../../Engine/Content/MobileResources/HUD/AnalogHat.uasset" 206
"../../../Engine/Content/MobileResources/HUD/VirtualJoystick_Background.uasset" 207
"../../../Engine/Content/MobileResources/HUD/VirtualJoystick_Thumb.uasset" 208
"../../../Engine/Content/MobileResources/HUD/DefaultVirtualJoysticks.uasset" 209
"../../../Engine/Content/MobileResources/HUD/LeftVirtualJoystickOnly.uasset" 210
"../../../Engine/Content/MobileResources/HUD/MobileHUDButton1_off.uasset" 211
"../../../Engine/Content/MobileResources/HUD/MobileHUDButton1_on.uasset" 212
"../../../Engine/Content/MobileResources/HUD/MobileHUDButton2_off.uasset" 213
"../../../Engine/Content/MobileResources/HUD/MobileHUDButton2_on.uasset" 214
"../../../Engine/Content/MobileResources/HUD/MobileHUDButton3.uasset" 215
"../../../Engine/Content/MobileResources/HUD/MobileHUDButtonFire.uasset" 216
"../../../Engine/Content/MobileResources/HUD/MobileHUDDirectionPad.uasset" 217
"../../../Engine/Content/MobileResources/HUD/MobileHUDDirectionPad2.uasset" 218
"../../../Engine/Content/MobileResources/HUD/MobileHUDDirectionPad3.uasset" 219
"../../../Engine/Content/MobileResources/HUD/MobileHUDDirectionStick.uasset" 220
"../../../Engine/Content/MobileResources/HUD/T_Castle_ThumbstickInner.uasset" 221
"../../../Engine/Content/MobileResources/HUD/T_Castle_ThumbstickOutter.uasset" 222
"../../../Engine/Content/Tutorial/ContentIntroCurve.uasset" 223
"../../../Engine/Content/Tutorial/Basics/TutorialAssets/icon_tab_Levels_40x.uasset" 224
"../../../Engine/Content/VREditor/LaserPointer/VR_LaserPower_01.uasset" 225
"../../../Engine/Content/VREditor/TransformGizmo/TransformGizmoMaterial.uasset" 226
"../../../Engine/Content/VREditor/TransformGizmo/TranslucentTransformGizmoMaterial.uasset" 227
"../../../Engine/Content/VREditor/TransformGizmo/BoundingBoxCorner.uasset" 228
"../../../Engine/Content/VREditor/TransformGizmo/BoundingBoxEdge.uasset" 229
"../../../Engine/Content/VREditor/TransformGizmo/PlaneTranslationHandle.uasset" 230
"../../../Engine/Content/VREditor/TransformGizmo/Main.uasset" 231
"../../../Engine/Content/VREditor/TransformGizmo/Xray.uasset" 232
"../../../Engine/Content/VREditor/TransformGizmo/SM_Sequencer_Key.uasset" 233
"../../../Engine/Content/VREditor/TransformGizmo/SM_Sequencer_Node.uasset" 234
"../../../Engine/Content/EditorLandscapeResources/DataLayer.uasset" 235
"../../../Engine/Content/EditorLandscapeResources/DefaultAlphaTexture.uasset" 236
"../../../Engine/Content/EditorLandscapeResources/LandscapeGizmoHeight_Mat.uasset" 237
"../../../Engine/Content/EditorLandscapeResources/LandscapeGizmo_Mat.uasset" 238
"../../../Engine/Content/EditorLandscapeResources/LandscapeGizmo_Mat_Copied.uasset" 239
"../../../Engine/Content/EditorLandscapeResources/SplineEditorMeshMat.uasset" 240
"../../../Engine/Content/EditorLandscapeResources/SplineEditorMesh.uasset" 241
"../../../Engine/Content/EditorMaterials/Cross.uasset" 242
"../../../Engine/Content/EditorMaterials/Cross_Mat.uasset" 243
"../../../Engine/Content/EditorMaterials/GizmoMaterial.uasset" 244
"../../../Engine/Content/Functions/Engine_MaterialFunctions02/ExampleContent/Textures/flipbook.uasset" 245
"../../../Engine/Content/Functions/Engine_MaterialFunctions02/Texturing/FlipBook.uasset" 246
"../../../Engine/Content/Functions/Engine_MaterialFunctions02/Utility/Sign.uasset" 247
"../../../Engine/Content/Functions/Engine_MaterialFunctions02/Utility/Round.uasset" 248
"../../../Engine/Content/EditorResources/T_EditorHelp.uasset" 249
"../../../Engine/Content/EditorMaterials/HelpActorMaterial.uasset" 250
"../../../Engine/Content/EditorMaterials/CompositeARGBLayer.uasset" 251
"../../../Engine/Content/EditorMaterials/TilingAALineIntegral.uasset" 252
"../../../Engine/Content/EditorMaterials/TilingAALineBoxFiltered.uasset" 253
"../../../Engine/Content/Functions/Engine_MaterialFunctions03/Procedurals/ComputeFilterWidth.uasset" 254
"../../../Engine/Content/EditorMaterials/TilingAADots.uasset" 255
"../../../Engine/Content/EngineMaterials/BlendFunc_DefBase.uasset" 256
"../../../Engine/Content/EngineMaterials/BlendFunc_DefBlend.uasset" 257
"../../../Engine/Content/Functions/Engine_MaterialFunctions03/Blends/Blend_Screen.uasset" 258
"../../../Engine/Content/EditorMaterials/TilingAAGrid.uasset" 259
"../../../Engine/Content/EditorMaterials/LevelGridMaterial.uasset" 260
"../../../Engine/Content/EditorMaterials/MAT_Groups_Toggle.uasset" 261
"../../../Engine/Content/EditorMaterials/MAT_Groups_Visibility.uasset" 262
"../../../Engine/Content/EditorMaterials/PhAT_BoneSelectedMaterial.uasset" 263
"../../../Engine/Content/EditorMaterials/PhAT_ElemSelectedMaterial.uasset" 264
"../../../Engine/Content/EditorMaterials/PhAT_NoCollisionMaterial.uasset" 265
"../../../Engine/Content/EditorMaterials/PhAT_UnselectedMaterial.uasset" 266
"../../../Engine/Content/EditorMaterials/PreviewShadowIndicator.uasset" 267
"../../../Engine/Content/EditorMaterials/PreviewShadowIndicatorMaterial.uasset" 268
"../../../Engine/Content/EditorMaterials/TargetIcon.uasset" 269
"../../../Engine/Content/EditorMaterials/Tick.uasset" 270
"../../../Engine/Content/EditorMaterials/Tick_Mat.uasset" 271
"../../../Engine/Content/EditorMaterials/WidgetGridVertexColorMaterial.uasset" 272
"../../../Engine/Content/EditorMaterials/WidgetGridVertexColorMaterial_Ma.uasset" 273
"../../../Engine/Content/EditorMaterials/WidgetMaterial.uasset" 274
"../../../Engine/Content/EditorMaterials/WidgetMaterial_Current.uasset" 275
"../../../Engine/Content/EditorMaterials/WidgetMaterial_X.uasset" 276
"../../../Engine/Content/EditorMaterials/WidgetMaterial_Y.uasset" 277
"../../../Engine/Content/EditorMaterials/WidgetMaterial_Z.uasset" 278
"../../../Engine/Content/EditorMaterials/WidgetVertexColorMaterial.uasset" 279
"../../../Engine/Content/EditorMaterials/MatineeGroups/MAT_ColorTrack.uasset" 280
"../../../Engine/Content/EditorMaterials/MatineeGroups/MAT_Groups_Anim.uasset" 281
"../../../Engine/Content/EditorMaterials/MatineeGroups/MAT_Groups_AudioMaster.uasset" 282
"../../../Engine/Content/EditorMaterials/MatineeGroups/MAT_Groups_Director.uasset" 283
"../../../Engine/Content/EditorMaterials/MatineeGroups/MAT_Groups_Event.uasset" 284
"../../../Engine/Content/EditorMaterials/MatineeGroups/MAT_Groups_Fade.uasset" 285
"../../Plugins/2D/Paper2D/Content/PlaceholderTextures/DummySpriteTexture.uasset" 286
"../../Plugins/2D/Paper2D/Content/DummySprite.uasset" 287
"../../Plugins/2D/Paper2D/Content/DefaultPaperTerrainMaterial.uasset" 288
"../../Plugins/2D/Paper2D/Content/DefaultSpriteMaterial.uasset" 289
"../../Plugins/2D/Paper2D/Content/MaskedUnlitSpriteMaterial.uasset" 290
"../../Plugins/2D/Paper2D/Content/OpaqueUnlitSpriteMaterial.uasset" 291
"../../Plugins/Runtime/Oculus/OculusVR/Content/Materials/PokeAHoleMaterial.uasset" 292
"../../Plugins/Runtime/Oculus/OculusVR/Content/Textures/GearVRController_AO.uasset" 293
"../../Plugins/Runtime/Oculus/OculusVR/Content/Textures/GearVRController_Color.uasset" 294
"../../Plugins/Runtime/Oculus/OculusVR/Content/Textures/GearVRController_Normal.uasset" 295
"../../Plugins/Runtime/Oculus/OculusVR/Content/Materials/GearVRControllerMaterial.uasset" 296
"../../Plugins/Runtime/Oculus/OculusVR/Content/Meshes/GearVrController.uasset" 297
"../../Plugins/Runtime/Oculus/OculusVR/Content/Textures/touchController_albedo.uasset" 298
"../../Plugins/Runtime/Oculus/OculusVR/Content/Textures/touchController_controlmap.uasset" 299
"../../Plugins/Runtime/Oculus/OculusVR/Content/Materials/touchController_mat.uasset" 300
"../../Plugins/Runtime/Oculus/OculusVR/Content/Meshes/LeftTouchController.uasset" 301
"../../Plugins/Runtime/Oculus/OculusVR/Content/Meshes/RiftHMD.uasset" 302
"../../Plugins/Runtime/Oculus/OculusVR/Content/Meshes/RightTouchController.uasset" 303
"../../../Engine/Content/Maps/Entry_BuiltData.uasset" 304
"../../../Engine/Content/Maps/Entry.umap" 305
"../../../../../../ProjectVC/Medcraft/Medcraft Code/Medcraft/Content/Inventory_System/Bp/Structures/S_Inventory_Slot.uasset" 306
"../../../../../../ProjectVC/Medcraft/Medcraft Code/Medcraft/Content/Inventory_System/Bp/SaveGame/InventorySave.uasset" 307
"../../../../../../ProjectVC/Medcraft/Medcraft Code/Medcraft/Content/Inventory_System/Bp/Enums/E_Item_Category.uasset" 308
"../../../../../../ProjectVC/Medcraft/Medcraft Code/Medcraft/Content/Inventory_System/Bp/Structures/S_Item_Info.uasset" 309
"../../../Engine/Content/EditorBlueprintResources/StandardMacros.uasset" 310
"../../../../../../ProjectVC/Medcraft/Medcraft Code/Medcraft/Content/Inventory_System/Drag_and_Drop/DragWidget.uasset" 311
"../../../../../../ProjectVC/Medcraft/Medcraft Code/Medcraft/Content/Inventory_System/Drag_and_Drop/Itemdrag.uasset" 312
"../../../../../../ProjectVC/Medcraft/Medcraft Code/Medcraft/Content/Inventory_System/Widgets/DetailWidget.uasset" 313
"../../../../../../ProjectVC/Medcraft/Medcraft Code/Medcraft/Content/Inventory_System/Widgets/DraggedItem.uasset" 314
"../../../../../../ProjectVC/Medcraft/Medcraft Code/Medcraft/Content/Inventory_System/Widgets/InventoryButton.uasset" 315
"../../../../../../ProjectVC/Medcraft/Medcraft Code/Medcraft/Content/Inventory_System/Widgets/Inventory_Slot.uasset" 316
"../../../../../../ProjectVC/Medcraft/Medcraft Code/Medcraft/Content/Inventory_System/Spirtes/craft_ff.uasset" 317
"../../../../../../ProjectVC/Medcraft/Medcraft Code/Medcraft/Content/Inventory_System/Spirtes/Extras/pinigas.uasset" 318
"../../../../../../ProjectVC/Medcraft/Medcraft Code/Medcraft/Content/Inventory_System/Widgets/ActionMeniu.uasset" 319
"../../../../../../ProjectVC/Medcraft/Medcraft Code/Medcraft/Content/Sound/CraftClick/213148__complex-waveform__click.uasset" 320
"../../../../../../ProjectVC/Medcraft/Medcraft Code/Medcraft/Content/Sound/CraftClick/213148__complex-waveform__click_Cue.uasset" 321
"../../../../../../ProjectVC/Medcraft/Medcraft Code/Medcraft/Content/Inventory_System/Widgets/Inventory.uasset" 322
"../../../../../../ProjectVC/Medcraft/Medcraft Code/Medcraft/Content/Inventory_System/Spirtes/abraxane_buteliukas_mazas.uasset" 323
"../../../../../../ProjectVC/Medcraft/Medcraft Code/Medcraft/Content/Inventory_System/Bp/ItemClasses/Chemotherapy_Abraxane.uasset" 324
"../../../../../../ProjectVC/Medcraft/Medcraft Code/Medcraft/Content/Inventory_System/Spirtes/Elements/ch2.uasset" 325
"../../../../../../ProjectVC/Medcraft/Medcraft Code/Medcraft/Content/Inventory_System/Bp/ItemClasses/Element_CH2.uasset" 326
"../../../../../../ProjectVC/Medcraft/Medcraft Code/Medcraft/Content/Inventory_System/Spirtes/Elements/n2.uasset" 327
"../../../../../../ProjectVC/Medcraft/Medcraft Code/Medcraft/Content/Inventory_System/Bp/ItemClasses/Element_N2.uasset" 328
"../../../../../../ProjectVC/Medcraft/Medcraft Code/Medcraft/Content/Inventory_System/Spirtes/Elements/o2_backa.uasset" 329
"../../../../../../ProjectVC/Medcraft/Medcraft Code/Medcraft/Content/Inventory_System/Bp/ItemClasses/Element_O2.uasset" 330
"../../../../../../ProjectVC/Medcraft/Medcraft Code/Medcraft/Content/Inventory_System/Spirtes/Equipment/lasasine.uasset" 331
"../../../../../../ProjectVC/Medcraft/Medcraft Code/Medcraft/Content/Inventory_System/Bp/ItemClasses/Equipment_Drip.uasset" 332
"../../../../../../ProjectVC/Medcraft/Medcraft Code/Medcraft/Content/Inventory_System/Spirtes/Consumables/Maiselis_piliules_nuo_smegenu_ligu.uasset" 333
"../../../../../../ProjectVC/Medcraft/Medcraft Code/Medcraft/Content/Inventory_System/Bp/ItemClasses/Raw_Packofbrain_pills.uasset" 334
"../../../../../../ProjectVC/Medcraft/Medcraft Code/Medcraft/Content/Inventory_System/Spirtes/Consumables/piliule_nuo_smegenu_ligu.uasset" 335
"../../../../../../ProjectVC/Medcraft/Medcraft Code/Medcraft/Content/Inventory_System/Bp/ItemClasses/Item_Brain_pills.uasset" 336
"../../../../../../ProjectVC/Medcraft/Medcraft Code/Medcraft/Content/Inventory_System/Spirtes/Consumables/svirkstas_su_gliukoze.uasset" 337
"../../../../../../ProjectVC/Medcraft/Medcraft Code/Medcraft/Content/Inventory_System/Bp/ItemClasses/Item_Glucose_syringe.uasset" 338
"../../../../../../ProjectVC/Medcraft/Medcraft Code/Medcraft/Content/Inventory_System/Spirtes/Consumables/makrolaid.uasset" 339
"../../../../../../ProjectVC/Medcraft/Medcraft Code/Medcraft/Content/Inventory_System/Bp/ItemClasses/Item_Macrolide.uasset" 340
"../../../../../../ProjectVC/Medcraft/Medcraft Code/Medcraft/Content/Inventory_System/Spirtes/Consumables/Svirkstas_su_narkoze.uasset" 341
"../../../../../../ProjectVC/Medcraft/Medcraft Code/Medcraft/Content/Inventory_System/Bp/ItemClasses/Item_Narcosis_syringe.uasset" 342
"../../../../../../ProjectVC/Medcraft/Medcraft Code/Medcraft/Content/Inventory_System/Spirtes/Consumables/piliule_nuo_skausmo.uasset" 343
"../../../../../../ProjectVC/Medcraft/Medcraft Code/Medcraft/Content/Inventory_System/Bp/ItemClasses/Item_painpills.uasset" 344
"../../../../../../ProjectVC/Medcraft/Medcraft Code/Medcraft/Content/Inventory_System/Spirtes/Consumables/aspirino_tabletes.uasset" 345
"../../../../../../ProjectVC/Medcraft/Medcraft Code/Medcraft/Content/Inventory_System/Bp/ItemClasses/Item_Portionofaspirinpills.uasset" 346
"../../../../../../ProjectVC/Medcraft/Medcraft Code/Medcraft/Content/Inventory_System/Spirtes/Equipment/svirkstas.uasset" 347
"../../../../../../ProjectVC/Medcraft/Medcraft Code/Medcraft/Content/Inventory_System/Bp/ItemClasses/Item_Syringe.uasset" 348
"../../../../../../ProjectVC/Medcraft/Medcraft Code/Medcraft/Content/Inventory_System/Spirtes/Consumables/Svirkstas_su_varicela_vacaine.uasset" 349
"../../../../../../ProjectVC/Medcraft/Medcraft Code/Medcraft/Content/Inventory_System/Bp/ItemClasses/Item_Varicella_syringe.uasset" 350
"../../../../../../ProjectVC/Medcraft/Medcraft Code/Medcraft/Content/Inventory_System/Spirtes/Consumables/bongo_gliukoze.uasset" 351
"../../../../../../ProjectVC/Medcraft/Medcraft Code/Medcraft/Content/Inventory_System/Bp/ItemClasses/Raw_Glucose.uasset" 352
"../../../../../../ProjectVC/Medcraft/Medcraft Code/Medcraft/Content/Inventory_System/Spirtes/Consumables/bongo_su_narkoze.uasset" 353
"../../../../../../ProjectVC/Medcraft/Medcraft Code/Medcraft/Content/Inventory_System/Bp/ItemClasses/Raw_Narcosis_flask.uasset" 354
"../../../../../../ProjectVC/Medcraft/Medcraft Code/Medcraft/Content/Inventory_System/Spirtes/Consumables/Maiselis_aspirino_piliules.uasset" 355
"../../../../../../ProjectVC/Medcraft/Medcraft Code/Medcraft/Content/Inventory_System/Bp/ItemClasses/Raw_PackofAspirin.uasset" 356
"../../../../../../ProjectVC/Medcraft/Medcraft Code/Medcraft/Content/Inventory_System/Spirtes/Consumables/Maiselis_piliules_nuo_skausmo.uasset" 357
"../../../../../../ProjectVC/Medcraft/Medcraft Code/Medcraft/Content/Inventory_System/Bp/ItemClasses/Raw_Packpainpills.uasset" 358
"../../../../../../ProjectVC/Medcraft/Medcraft Code/Medcraft/Content/Inventory_System/Spirtes/Consumables/bongo_su_vejaraupiu_vakcina.uasset" 359
"../../../../../../ProjectVC/Medcraft/Medcraft Code/Medcraft/Content/Inventory_System/Bp/ItemClasses/Raw_Varicella_flask.uasset" 360
"../../../../../../ProjectVC/Medcraft/Medcraft Code/Medcraft/Content/Inventory_System/Bp/LevelingSystem/LevelingSystem.uasset" 361
"../../../../../../ProjectVC/Medcraft/Medcraft Code/Medcraft/Content/Inventory_System/Spirtes/Equipment/siulas.uasset" 362
"../../../../../../ProjectVC/Medcraft/Medcraft Code/Medcraft/Content/Inventory_System/Bp/ItemClasses/Equipment_Stitches.uasset" 363
"../../../../../../ProjectVC/Medcraft/Medcraft Code/Medcraft/Content/Inventory_System/Spirtes/Consumables/imbieras.uasset" 364
"../../../../../../ProjectVC/Medcraft/Medcraft Code/Medcraft/Content/Inventory_System/Bp/ItemClasses/Item_Ginger.uasset" 365
"../../../../../../ProjectVC/Medcraft/Medcraft Code/Medcraft/Content/Inventory_System/Spirtes/Equipment/skalpelis.uasset" 366
"../../../../../../ProjectVC/Medcraft/Medcraft Code/Medcraft/Content/Inventory_System/Bp/ItemClasses/Item_Scalper.uasset" 367
"../../../../../../ProjectVC/Medcraft/Medcraft Code/Medcraft/Content/Inventory_System/Spirtes/Consumables/vanduo.uasset" 368
"../../../../../../ProjectVC/Medcraft/Medcraft Code/Medcraft/Content/Inventory_System/Bp/ItemClasses/Item_Water.uasset" 369
"../../../../../../ProjectVC/Medcraft/Medcraft Code/Medcraft/Content/2DSideScrollerBP/Blueprints/MainMenu/inventory.uasset" 370
"../../../../../../ProjectVC/Medcraft/Medcraft Code/Medcraft/Content/2DSideScrollerBP/Blueprints/MainMenu/patients.uasset" 371
"../../../../../../ProjectVC/Medcraft/Medcraft Code/Medcraft/Content/2DSideScrollerBP/Blueprints/MainMenu/recipes.uasset" 372
"../../../../../../ProjectVC/Medcraft/Medcraft Code/Medcraft/Content/2DSideScrollerBP/Blueprints/MainMenu/shop.uasset" 373
"../../../../../../ProjectVC/Medcraft/Medcraft Code/Medcraft/Content/Inventory_System/Widgets/GameSaved.uasset" 374
"../../../../../../ProjectVC/Medcraft/Medcraft Code/Medcraft/Content/Sound/Click/439523__errysn__klik.uasset" 375
"../../../../../../ProjectVC/Medcraft/Medcraft Code/Medcraft/Content/Inventory_System/Widgets/HUD.uasset" 376
"../../../../../../ProjectVC/Medcraft/Medcraft Code/Medcraft/Content/Inventory_System/Widgets/OfferedItem.uasset" 377
"../../../../../../ProjectVC/Medcraft/Medcraft Code/Medcraft/Content/Inventory_System/Widgets/ShopWidget.uasset" 378
"../../../../../../ProjectVC/Medcraft/Medcraft Code/Medcraft/Content/Inventory_System/Bp/Shop.uasset" 379
"../../../../../../ProjectVC/Medcraft/Medcraft Code/Medcraft/Content/Inventory_System/Widgets/MainWidget.uasset" 380
"../../../../../../ProjectVC/Medcraft/Medcraft Code/Medcraft/Content/Inventory_System/Bp/Structures/S_SavedPickup.uasset" 381
"../../../../../../ProjectVC/Medcraft/Medcraft Code/Medcraft/Content/Inventory_System/Widgets/PatientWidget.uasset" 382
"../../../../../../ProjectVC/Medcraft/Medcraft Code/Medcraft/Content/Movies/outro.uasset" 383
"../../../../../../ProjectVC/Medcraft/Medcraft Code/Medcraft/Content/Movies/NewMediaPlayer.uasset" 384
"../../../../../../ProjectVC/Medcraft/Medcraft Code/Medcraft/Content/Inventory_System/Widgets/YouLose.uasset" 385
"../../../../../../ProjectVC/Medcraft/Medcraft Code/Medcraft/Content/Inventory_System/Widgets/OperationWidget.uasset" 386
"../../../../../../ProjectVC/Medcraft/Medcraft Code/Medcraft/Content/Inventory_System/Bp/BP_Inventory.uasset" 387
"../../../../../../ProjectVC/Medcraft/Medcraft Code/Medcraft/Content/Inventory_System/Bp/ItemClasses/BP_Master_Item.uasset" 388
"../../../../../../ProjectVC/Medcraft/Medcraft Code/Medcraft/Content/Inventory_System/Bp/Structures/S_Patient_Info.uasset" 389
"../../../../../../ProjectVC/Medcraft/Medcraft Code/Medcraft/Content/Inventory_System/Bp/PatientClasses/0BP_master_Patient.uasset" 390
"../../../../../../ProjectVC/Medcraft/Medcraft Code/Medcraft/Content/Inventory_System/Bp/SaveGame/SavePatients.uasset" 391
"../../../../../../ProjectVC/Medcraft/Medcraft Code/Medcraft/Content/Inventory_System/Spirtes/PatientsIcon/Marija_10.uasset" 392
"../../../../../../ProjectVC/Medcraft/Medcraft Code/Medcraft/Content/Inventory_System/Bp/PatientClasses/10Patient_Delora_Bester.uasset" 393
"../../../../../../ProjectVC/Medcraft/Medcraft Code/Medcraft/Content/Inventory_System/Spirtes/PatientsIcon/Sajafivatripamupidas_08.uasset" 394
"../../../../../../ProjectVC/Medcraft/Medcraft Code/Medcraft/Content/Inventory_System/Bp/PatientClasses/11Patient_Loyce_Romberger.uasset" 395
"../../../../../../ProjectVC/Medcraft/Medcraft Code/Medcraft/Content/Inventory_System/Spirtes/PatientsIcon/pablo.uasset" 396
"../../../../../../ProjectVC/Medcraft/Medcraft Code/Medcraft/Content/Inventory_System/Bp/PatientClasses/1Patient_Rasmus_Kuningas.uasset" 397
"../../../../../../ProjectVC/Medcraft/Medcraft Code/Medcraft/Content/Inventory_System/Spirtes/PatientsIcon/Dzensfrinondras_03.uasset" 398
"../../../../../../ProjectVC/Medcraft/Medcraft Code/Medcraft/Content/Inventory_System/Bp/PatientClasses/2Patient_Robin_Kuusik.uasset" 399
"../../../../../../ProjectVC/Medcraft/Medcraft Code/Medcraft/Content/Inventory_System/Spirtes/PatientsIcon/Oliveris_02.uasset" 400
"../../../../../../ProjectVC/Medcraft/Medcraft Code/Medcraft/Content/Inventory_System/Bp/PatientClasses/3Patient_Oliver_Aasjoe.uasset" 401
"../../../../../../ProjectVC/Medcraft/Medcraft Code/Medcraft/Content/Inventory_System/Spirtes/PatientsIcon/karifongdoras_04.uasset" 402
"../../../../../../ProjectVC/Medcraft/Medcraft Code/Medcraft/Content/Inventory_System/Bp/PatientClasses/4Patient_Artjom_Allsalu.uasset" 403
"../../../../../../ProjectVC/Medcraft/Medcraft Code/Medcraft/Content/Inventory_System/Spirtes/PatientsIcon/arangikolongas_05.uasset" 404
"../../../../../../ProjectVC/Medcraft/Medcraft Code/Medcraft/Content/Inventory_System/Bp/PatientClasses/5PatientMaksim_Eensaar.uasset" 405
"../../../../../../ProjectVC/Medcraft/Medcraft Code/Medcraft/Content/Inventory_System/Spirtes/PatientsIcon/heskitsupenekoteris_07.uasset" 406
"../../../../../../ProjectVC/Medcraft/Medcraft Code/Medcraft/Content/Inventory_System/Bp/PatientClasses/6Patient_Robert_Erkmaa.uasset" 407
"../../../../../../ProjectVC/Medcraft/Medcraft Code/Medcraft/Content/Inventory_System/Spirtes/PatientsIcon/Andziafakamalina_06.uasset" 408
"../../../../../../ProjectVC/Medcraft/Medcraft Code/Medcraft/Content/Inventory_System/Bp/PatientClasses/7Patient_Vaiva_Sadauskaite.uasset" 409
"../../../../../../ProjectVC/Medcraft/Medcraft Code/Medcraft/Content/Inventory_System/Spirtes/PatientsIcon/jakajomelina_08.uasset" 410
"../../../../../../ProjectVC/Medcraft/Medcraft Code/Medcraft/Content/Inventory_System/Bp/PatientClasses/8Patient_Karolina_Paulauskaite.uasset" 411
"../../../../../../ProjectVC/Medcraft/Medcraft Code/Medcraft/Content/Inventory_System/Spirtes/PatientsIcon/Gabija_11.uasset" 412
"../../../../../../ProjectVC/Medcraft/Medcraft Code/Medcraft/Content/Inventory_System/Bp/PatientClasses/9Patient_Sirena_Schubert.uasset" 413
"../../../../../../ProjectVC/Medcraft/Medcraft Code/Medcraft/Content/Inventory_System/Bp/BP_Patients.uasset" 414
"../../../../../../ProjectVC/Medcraft/Medcraft Code/Medcraft/Content/Inventory_System/Widgets/PatientsWidget.uasset" 415
"../../../../../../ProjectVC/Medcraft/Medcraft Code/Medcraft/Content/Inventory_System/Widgets/ItemRecipeInfo.uasset" 416
"../../../../../../ProjectVC/Medcraft/Medcraft Code/Medcraft/Content/Inventory_System/Widgets/RecipeWidget.uasset" 417
"../../../../../../ProjectVC/Medcraft/Medcraft Code/Medcraft/Content/Inventory_System/Bp/RecipeBook.uasset" 418
"../../../../../../ProjectVC/Medcraft/Medcraft Code/Medcraft/Content/Inventory_System/Bp/SaveGame/Savegame.uasset" 419
"../../../../../../ProjectVC/Medcraft/Medcraft Code/Medcraft/Content/2DSideScrollerBP/Blueprints/Main_meniu_backbround.uasset" 420
"../../../../../../ProjectVC/Medcraft/Medcraft Code/Medcraft/Content/2DSideScrollerBP/Blueprints/MainMenu/CONTINUE_GAME.uasset" 421
"../../../../../../ProjectVC/Medcraft/Medcraft Code/Medcraft/Content/2DSideScrollerBP/Blueprints/MainMenu/GRAND_FINAL.uasset" 422
"../../../../../../ProjectVC/Medcraft/Medcraft Code/Medcraft/Content/2DSideScrollerBP/Blueprints/MainMenu/new_game.uasset" 423
"../../../../../../ProjectVC/Medcraft/Medcraft Code/Medcraft/Content/2DSideScrollerBP/Blueprints/MainMenu/QUIT_GAMEE.uasset" 424
"../../../../../../ProjectVC/Medcraft/Medcraft Code/Medcraft/Content/Movies/video_be_soundo_1_.uasset" 425
"../../../../../../ProjectVC/Medcraft/Medcraft Code/Medcraft/Content/Movies/NewMediaPlayer_Video.uasset" 426
"../../../../../../ProjectVC/Medcraft/Medcraft Code/Medcraft/Content/2DSideScrollerBP/Blueprints/MainMenu/main_menu.uasset" 427
"../../../../../../ProjectVC/Medcraft/Medcraft Code/Medcraft/Content/Sound/audio_tutorial.uasset" 428
"../../../../../../ProjectVC/Medcraft/Medcraft Code/Medcraft/Content/Sound/audio_tutorial_Cue.uasset" 429
"../../../../../../ProjectVC/Medcraft/Medcraft Code/Medcraft/Content/2DSideScrollerBP/Blueprints/TutorialWidget.uasset" 430
"../../../../../../ProjectVC/Medcraft/Medcraft Code/Medcraft/Content/Sound/Click/439523__errysn__klik_Cue.uasset" 431
"../../../../../../ProjectVC/Medcraft/Medcraft Code/Medcraft/Content/2DSideScrollerBP/Blueprints/MainMenu/MainMenu.uasset" 432
"../../../../../../ProjectVC/Medcraft/Medcraft Code/Medcraft/Content/2DSideScrollerBP/Blueprints/MainMenu/SAVE.uasset" 433
"../../../../../../ProjectVC/Medcraft/Medcraft Code/Medcraft/Content/2DSideScrollerBP/Blueprints/MainMenu/SAVE_QUIT.uasset" 434
"../../../../../../ProjectVC/Medcraft/Medcraft Code/Medcraft/Content/2DSideScrollerBP/Blueprints/MainMenu/TIKRAI_GRAND_FINALLLLL.uasset" 435
"../../../../../../ProjectVC/Medcraft/Medcraft Code/Medcraft/Content/2DSideScrollerBP/Blueprints/PauseWidget.uasset" 436
"../../../../../../ProjectVC/Medcraft/Medcraft Code/Medcraft/Content/Inventory_System/Bp/LevelingSystem/StatusWidget.uasset" 437
"../../../../../../ProjectVC/Medcraft/Medcraft Code/Medcraft/Content/Inventory_System/Bp/LevelingSystem/Xpbar.uasset" 438
"../../../../../../ProjectVC/Medcraft/Medcraft Code/Medcraft/Content/Inventory_System/Bp/LevelingSystem/HudWidget.uasset" 439
"../../../../../../ProjectVC/Medcraft/Medcraft Code/Medcraft/Content/Inventory_System/Widgets/GameEND.uasset" 440
"../../../../../../ProjectVC/Medcraft/Medcraft Code/Medcraft/Content/NewPaperFlipbook.uasset" 441
"../../../../../../ProjectVC/Medcraft/Medcraft Code/Medcraft/Content/Sound/tikriausiai-sedevras-04.uasset" 442
"../../../../../../ProjectVC/Medcraft/Medcraft Code/Medcraft/Content/Sound/tikriausiai-sedevras-04_Cue.uasset" 443
"../../../../../../ProjectVC/Medcraft/Medcraft Code/Medcraft/Content/2DSideScrollerBP/Blueprints/2DSideScrollerCharacter.uasset" 444
"../../../../../../ProjectVC/Medcraft/Medcraft Code/Medcraft/Content/2DSideScrollerBP/Mouse.uasset" 445
"../../../../../../ProjectVC/Medcraft/Medcraft Code/Medcraft/Content/2DSideScrollerBP/Blueprints/2DSideScrollerGameMode.uasset" 446
"../../../../../../ProjectVC/Medcraft/Medcraft Code/Medcraft/Content/2DSideScrollerBP/Maps/2DSideScrollerExampleMap_BuiltData.uasset" 447
"../../../../../../ProjectVC/Medcraft/Medcraft Code/Medcraft/Content/Inventory_System/Spirtes/background.uasset" 448
"../../../../../../ProjectVC/Medcraft/Medcraft Code/Medcraft/Content/Inventory_System/Spirtes/background_Sprite_0.uasset" 449
"../../../../../../ProjectVC/Medcraft/Medcraft Code/Medcraft/Content/2DSideScrollerBP/Maps/2DSideScrollerExampleMap.umap" 450
